[2023-12-20 21:27:28,034] 23 root - INFO - initiate_data_ingestion: Data Ingestion method starts
[2023-12-20 21:27:28,069] 27 root - INFO - Pandas dataframe is ready
[2023-12-20 21:27:28,233] 33 root - INFO - Starting Train Test Split
[2023-12-20 21:27:28,421] 48 root - INFO - Train Test Split completed
[2023-12-20 21:27:28,421] 49 root - INFO - Data Ingestion completed
[2023-12-20 21:27:28,490] 88 root - INFO - read train and test data complete
[2023-12-20 21:27:28,497] 89 root - INFO - Train Dataframe Head : 
   carat        cut color clarity  depth  table  price     x     y     z
0   0.41      Ideal     D    VVS1   62.2   56.0   1582  4.80  4.78  2.98
1   0.90       Fair     J     VS1   65.4   60.0   2964  6.02  5.93  3.91
2   0.81  Very Good     G     VS2   63.1   58.0   2994  5.88  5.84  3.70
3   0.90      Ideal     I     VS2   61.3   56.0   3805  6.24  6.20  3.81
4   0.90  Very Good     D     VS1   62.2   58.0   6208  6.14  6.18  3.83
[2023-12-20 21:27:28,503] 90 root - INFO - Test Dataframe Head : 
   carat        cut color clarity  depth  table  price     x     y     z
0   0.24      Ideal     G    VVS1   62.1   56.0    559  3.97  4.00  2.47
1   0.58  Very Good     F    VVS2   60.0   57.0   2201  5.44  5.42  3.26
2   0.40      Ideal     E    VVS2   62.1   55.0   1238  4.76  4.74  2.95
3   0.43    Premium     E    VVS2   60.8   57.0   1304  4.92  4.89  2.98
4   1.55      Ideal     E     SI2   62.3   55.0   6901  7.44  7.37  4.61
[2023-12-20 21:27:28,506] 91 root - INFO - Test Dataframe Head : 
   carat    cut color clarity  depth  table  price     x     y     z
0   0.31  Ideal     I     VS2   61.6   55.0    452  4.38  4.42  2.71
1   1.01   Good     G     VS1   57.7   63.0   6613  6.55  6.65  3.81
2   0.31  Ideal     I      IF   60.9   57.0    635  4.39  4.44  2.69
3   0.75  Ideal     E     SI1   61.1   57.0   2993  5.83  5.86  3.57
4   0.50  Ideal     G    VVS2   61.9   58.0   1741  5.06  5.09  3.14
[2023-12-20 21:27:28,506] 32 root - INFO - Data Transformation initiated
[2023-12-20 21:27:28,506] 43 root - INFO - Pipeline Initiated
[2023-12-20 21:27:28,584] 114 root - INFO - Applying preprocessing object on training and testing datasets.
[2023-12-20 21:27:28,587] 125 root - INFO - preprocessing pickle file saved
[2023-12-20 21:27:28,587] 30 root - INFO - Starting Model Training
[2023-12-20 21:27:28,587] 32 root - INFO - SPlitting Dependent and Independent features from train and test data
[2023-12-20 21:45:04,837] 97 root - INFO - Model report : {'LinearRegression': 0.9074681707932567, 'DecisionTreeRegressor': 0.9630366362857543, 'RandomForest': 0.9806971261901027, 'GradientBoosting': 0.9788916127673302, 'XGBRegressor': 0.9816556247618806, 'CatBoostingRegressor': 0.981763385155633, 'AdaBoostRegressor': 0.9227003816534689}
[2023-12-20 21:45:04,837] 110 root - INFO - Best Model is : CatBoostingRegressor, R2 Score : 0.981763385155633
