[2023-12-06 22:42:04,074] 22 root - INFO - initiate_data_ingestion: Data Ingestion method starts
[2023-12-06 22:42:04,106] 26 root - INFO - Pandas dataframe is ready
[2023-12-06 22:42:04,306] 32 root - INFO - Starting Train Test Split
[2023-12-06 22:42:04,489] 37 root - INFO - Train Test Split completed
[2023-12-06 22:42:04,489] 38 root - INFO - Data Ingestion completed
[2023-12-06 22:42:04,543] 86 root - INFO - read train and test data complete
[2023-12-06 22:42:04,543] 87 root - INFO - Train Dataframe Head : 
   carat    cut color clarity  depth  table  price     x     y     z
0   1.21  Ideal     H    VVS2   61.3   57.0   8131  6.92  6.87  4.23
1   0.31  Ideal     E     VS2   62.0   56.0    756  4.38  4.36  2.71
2   1.21  Ideal     E     VS1   62.4   57.0  10351  6.75  6.83  4.24
3   0.81  Ideal     F     SI2   62.6   55.0   2795  5.92  5.96  3.72
4   0.79  Ideal     I    VVS2   61.7   56.0   4092  5.94  5.95  3.67
[2023-12-06 22:42:04,556] 88 root - INFO - Test Dataframe Head : 
   carat        cut color clarity  depth  table  price     x     y     z
0   0.24      Ideal     G    VVS1   62.1   56.0    559  3.97  4.00  2.47
1   0.58  Very Good     F    VVS2   60.0   57.0   2201  5.44  5.42  3.26
2   0.40      Ideal     E    VVS2   62.1   55.0   1238  4.76  4.74  2.95
3   0.43    Premium     E    VVS2   60.8   57.0   1304  4.92  4.89  2.98
4   1.55      Ideal     E     SI2   62.3   55.0   6901  7.44  7.37  4.61
[2023-12-06 22:42:04,557] 31 root - INFO - Data Transformation initiated
[2023-12-06 22:42:04,557] 42 root - INFO - Pipeline Initiated
[2023-12-06 22:42:04,606] 106 root - INFO - Applying preprocessing object on training and testing datasets.
[2023-12-06 22:42:04,620] 116 root - INFO - preprocessing pickle file saved
[2023-12-06 22:42:04,623] 25 root - INFO - Starting Model Training
[2023-12-06 22:42:04,623] 27 root - INFO - SPlitting Dependent and Independent features from train and test data
[2023-12-06 22:42:04,639] 47 root - INFO - Model report : {'LinearRegression': 0.9074824695469136}
[2023-12-06 22:42:04,639] 60 root - INFO - Best Model is : LinearRegression, R2 Score : 0.9074824695469136
